Using pre-set license
Built from '2020.2/staging' branch; Version is '2020.2.3f1 (8ff31bc5bf5b) revision 9433883'; Using compiler version '192528614'; Build Type 'Release'
OS: 'Windows 10 Home Single Language; OS build 19042.1348; Version 2009; 64bit' Language: 'en' Physical Memory: 8078 MB
BatchMode: 1, IsHumanControllingUs: 0, StartBugReporterOnCrash: 0, Is64bit: 1, IsPro: 0

 COMMAND LINE ARGUMENTS:
C:\Program Files\2020.2.3f1\Editor\Unity.exe
-adb2
-batchMode
-noUpm
-name
AssetImportWorker0
-projectPath
C:/Users/gunag/Downloads/Stuff/College Work/Course Work/Sem VII/CO405/Project/room-escape/Unity project
-logFile
Logs/AssetImportWorker0.log
-srvPort
62838
Successfully changed project path to: C:/Users/gunag/Downloads/Stuff/College Work/Course Work/Sem VII/CO405/Project/room-escape/Unity project
C:/Users/gunag/Downloads/Stuff/College Work/Course Work/Sem VII/CO405/Project/room-escape/Unity project
Using Asset Import Pipeline V2.
Refreshing native plugins compatible for Editor in 27.59 ms, found 0 plugins.
Preloading 0 native plugins for Editor in 0.00 ms.
Initialize engine version: 2020.2.3f1 (8ff31bc5bf5b)
[Subsystems] Discovering subsystems at path C:/Program Files/2020.2.3f1/Editor/Data/Resources/UnitySubsystems
[Subsystems] Discovering subsystems at path C:/Users/gunag/Downloads/Stuff/College Work/Course Work/Sem VII/CO405/Project/room-escape/Unity project/Assets
GfxDevice: creating device client; threaded=0
Direct3D:
    Version:  Direct3D 11.0 [level 11.1]
    Renderer: NVIDIA GeForce MX150 (ID=0x1d10)
    Vendor:   
    VRAM:     1983 MB
    Driver:   27.21.14.5167
Shader 'Outlined/Silhouetted Bumped Diffuse': fallback shader 'Outlined/Silhouetted Diffuse' not found
Initialize mono
Mono path[0] = 'C:/Program Files/2020.2.3f1/Editor/Data/Managed'
Mono path[1] = 'C:/Program Files/2020.2.3f1/Editor/Data/MonoBleedingEdge/lib/mono/unityjit'
Mono config path = 'C:/Program Files/2020.2.3f1/Editor/Data/MonoBleedingEdge/etc'
Using monoOptions --debugger-agent=transport=dt_socket,embedding=1,server=y,suspend=n,address=127.0.0.1:56208
Begin MonoManager ReloadAssembly
Registering precompiled unity dll's ...
Register platform support module: C:/Program Files/2020.2.3f1/Editor/Data/PlaybackEngines/WebGLSupport/UnityEditor.WebGL.Extensions.dll
Register platform support module: C:/Program Files/2020.2.3f1/Editor/Data/PlaybackEngines/WindowsStandaloneSupport/UnityEditor.WindowsStandalone.Extensions.dll
Registered in 0.002109 seconds.
Native extension for WindowsStandalone target not found
Native extension for WebGL target not found
Refreshing native plugins compatible for Editor in 29.85 ms, found 0 plugins.
Preloading 0 native plugins for Editor in 0.00 ms.
Invoked RoslynAnalysisRunner static constructor.
RoslynAnalysisRunner will not be running.
RoslynAnalysisRunner has terminated.
Mono: successfully reloaded assembly
- Completed reload, in  1.330 seconds
Platform modules already initialized, skipping
Registering precompiled user dll's ...
Registered in 0.000704 seconds.
Begin MonoManager ReloadAssembly
Native extension for WindowsStandalone target not found
Native extension for WebGL target not found
Refreshing native plugins compatible for Editor in 0.35 ms, found 0 plugins.
Preloading 0 native plugins for Editor in 0.00 ms.
Invoked RoslynAnalysisRunner static constructor.
RoslynAnalysisRunner will not be running.
RoslynAnalysisRunner has terminated.
Mono: successfully reloaded assembly
- Completed reload, in  0.842 seconds
Platform modules already initialized, skipping
========================================================================
Worker process is ready to serve import requests
Shader 'Outlined/Silhouetted Bumped Diffuse': fallback shader 'Outlined/Silhouetted Diffuse' not found
Launched and connected shader compiler UnityShaderCompiler.exe after 0.05 seconds
Refreshing native plugins compatible for Editor in 0.26 ms, found 0 plugins.
Preloading 0 native plugins for Editor in 0.00 ms.
Unloading 1134 Unused Serialized files (Serialized files now loaded: 0)
System memory in use before: 58.8 MB.
System memory in use after: 58.9 MB.

Unloading 9 unused Assets to reduce memory usage. Loaded Objects now: 1579.
Total: 5.579000 ms (FindLiveObjects: 0.361100 ms CreateObjectMapping: 0.133900 ms MarkObjects: 4.921000 ms  DeleteObjects: 0.159600 ms)

========================================================================
Received Import Request.
  path: Assets/FBX/Asteroids/Asteroid2.fbx
  artifactKey: Guid(09b549a2e51e1034483481765c7cc86c) Importer(815301076,1909f56bfc062723c751e8b465ee728b)
Start importing Assets/FBX/Asteroids/Asteroid2.fbx using Guid(09b549a2e51e1034483481765c7cc86c) Importer(815301076,1909f56bfc062723c751e8b465ee728b)  -> (artifact id: 'c1490f560fd0965d670f9998d16ebc28') in 0.304119 seconds
  Import took 0.310417 seconds .

========================================================================
Received Prepare
Registering precompiled user dll's ...
Registered in 0.000759 seconds.
Begin MonoManager ReloadAssembly
Native extension for WindowsStandalone target not found
Native extension for WebGL target not found
Refreshing native plugins compatible for Editor in 0.30 ms, found 0 plugins.
Preloading 0 native plugins for Editor in 0.00 ms.
Invoked RoslynAnalysisRunner static constructor.
RoslynAnalysisRunner will not be running.
RoslynAnalysisRunner has terminated.
Mono: successfully reloaded assembly
- Completed reload, in  0.809 seconds
Platform modules already initialized, skipping
Shader 'Outlined/Silhouetted Bumped Diffuse': fallback shader 'Outlined/Silhouetted Diffuse' not found
Refreshing native plugins compatible for Editor in 0.26 ms, found 0 plugins.
Preloading 0 native plugins for Editor in 0.00 ms.
Unloading 1127 Unused Serialized files (Serialized files now loaded: 0)
System memory in use before: 62.0 MB.
System memory in use after: 62.1 MB.

Unloading 4 unused Assets to reduce memory usage. Loaded Objects now: 1591.
Total: 4.123000 ms (FindLiveObjects: 0.409100 ms CreateObjectMapping: 0.140300 ms MarkObjects: 3.531800 ms  DeleteObjects: 0.037000 ms)

========================================================================
Received Prepare
Registering precompiled user dll's ...
Registered in 0.000674 seconds.
Begin MonoManager ReloadAssembly
Native extension for WindowsStandalone target not found
Native extension for WebGL target not found
Refreshing native plugins compatible for Editor in 0.28 ms, found 0 plugins.
Preloading 0 native plugins for Editor in 0.00 ms.
Invoked RoslynAnalysisRunner static constructor.
RoslynAnalysisRunner will not be running.
RoslynAnalysisRunner has terminated.
Mono: successfully reloaded assembly
- Completed reload, in  0.817 seconds
Platform modules already initialized, skipping
Shader 'Outlined/Silhouetted Bumped Diffuse': fallback shader 'Outlined/Silhouetted Diffuse' not found
Refreshing native plugins compatible for Editor in 0.27 ms, found 0 plugins.
Preloading 0 native plugins for Editor in 0.00 ms.
Unloading 1127 Unused Serialized files (Serialized files now loaded: 0)
System memory in use before: 62.0 MB.
System memory in use after: 62.1 MB.

Unloading 4 unused Assets to reduce memory usage. Loaded Objects now: 1593.
Total: 2.153500 ms (FindLiveObjects: 0.222800 ms CreateObjectMapping: 0.057400 ms MarkObjects: 1.840900 ms  DeleteObjects: 0.030200 ms)

========================================================================
Received Import Request.
  Time since last request: 3727.164198 seconds.
  path: Assets/3D/safe/safe.blend
  artifactKey: Guid(3221e5ab839c85f478618fd8a809622a) Importer(815301076,1909f56bfc062723c751e8b465ee728b)
Start importing Assets/3D/safe/safe.blend using Guid(3221e5ab839c85f478618fd8a809622a) Importer(815301076,1909f56bfc062723c751e8b465ee728b)  -> (artifact id: '1d07212c88321cd94c52972c2678bce0') in 0.195917 seconds
  Import took 0.199734 seconds .

========================================================================
Received Import Request.
  Time since last request: 9.992335 seconds.
  path: Assets/3D/safe/safe2.blend
  artifactKey: Guid(85c38ede3c2bf6548bd6bc09ca3c7972) Importer(815301076,1909f56bfc062723c751e8b465ee728b)
Start importing Assets/3D/safe/safe2.blend using Guid(85c38ede3c2bf6548bd6bc09ca3c7972) Importer(815301076,1909f56bfc062723c751e8b465ee728b)  -> (artifact id: '6d5c51f3a69f859f735ec6ba845c142d') in 0.098086 seconds
  Import took 0.102064 seconds .

========================================================================
Received Import Request.
  Time since last request: 9.914509 seconds.
  path: Assets/3D/safe/safe3.blend
  artifactKey: Guid(039adaa769a347e42ba052e221b9c3ad) Importer(815301076,1909f56bfc062723c751e8b465ee728b)
Start importing Assets/3D/safe/safe3.blend using Guid(039adaa769a347e42ba052e221b9c3ad) Importer(815301076,1909f56bfc062723c751e8b465ee728b)  -> (artifact id: 'e3e7206702028acb97e5e3ba10c96e90') in 0.100527 seconds
  Import took 0.103734 seconds .

AssetImportWorkerClient::OnTransportError - code=2 error=End of file
